<?xml version="1.0" encoding="UTF-8"?>
<testsuite xmlns:xsi="http://www.w3.org/2001/XMLSchema-instance" xsi:noNamespaceSchemaLocation="https://maven.apache.org/surefire/maven-surefire-plugin/xsd/surefire-test-report.xsd" name="com.DemoApplicationTests" time="7.939" tests="1" errors="0" skipped="0" failures="0">
  <properties>
    <property name="sun.desktop" value="windows"/>
    <property name="awt.toolkit" value="sun.awt.windows.WToolkit"/>
    <property name="file.encoding.pkg" value="sun.io"/>
    <property name="java.specification.version" value="1.8"/>
    <property name="sun.cpu.isalist" value="amd64"/>
    <property name="sun.jnu.encoding" value="GBK"/>
    <property name="java.class.path" value="D:\idea\security-testOne\target\test-classes;D:\idea\security-testOne\target\classes;D:\newmaven\myrepository\org\springframework\boot\spring-boot-starter-cache\2.1.6.RELEASE\spring-boot-starter-cache-2.1.6.RELEASE.jar;D:\newmaven\myrepository\org\springframework\boot\spring-boot-starter\2.1.6.RELEASE\spring-boot-starter-2.1.6.RELEASE.jar;D:\newmaven\myrepository\org\springframework\boot\spring-boot\2.1.6.RELEASE\spring-boot-2.1.6.RELEASE.jar;D:\newmaven\myrepository\org\springframework\boot\spring-boot-autoconfigure\2.1.6.RELEASE\spring-boot-autoconfigure-2.1.6.RELEASE.jar;D:\newmaven\myrepository\org\springframework\boot\spring-boot-starter-logging\2.1.6.RELEASE\spring-boot-starter-logging-2.1.6.RELEASE.jar;D:\newmaven\myrepository\ch\qos\logback\logback-classic\1.2.3\logback-classic-1.2.3.jar;D:\newmaven\myrepository\ch\qos\logback\logback-core\1.2.3\logback-core-1.2.3.jar;D:\newmaven\myrepository\org\apache\logging\log4j\log4j-to-slf4j\2.11.2\log4j-to-slf4j-2.11.2.jar;D:\newmaven\myrepository\org\apache\logging\log4j\log4j-api\2.11.2\log4j-api-2.11.2.jar;D:\newmaven\myrepository\org\slf4j\jul-to-slf4j\1.7.26\jul-to-slf4j-1.7.26.jar;D:\newmaven\myrepository\javax\annotation\javax.annotation-api\1.3.2\javax.annotation-api-1.3.2.jar;D:\newmaven\myrepository\org\yaml\snakeyaml\1.23\snakeyaml-1.23.jar;D:\newmaven\myrepository\org\springframework\spring-context-support\5.1.8.RELEASE\spring-context-support-5.1.8.RELEASE.jar;D:\newmaven\myrepository\org\springframework\spring-beans\5.1.8.RELEASE\spring-beans-5.1.8.RELEASE.jar;D:\newmaven\myrepository\org\springframework\spring-context\5.1.8.RELEASE\spring-context-5.1.8.RELEASE.jar;D:\newmaven\myrepository\org\springframework\boot\spring-boot-starter-data-redis\2.1.6.RELEASE\spring-boot-starter-data-redis-2.1.6.RELEASE.jar;D:\newmaven\myrepository\org\springframework\data\spring-data-redis\2.1.9.RELEASE\spring-data-redis-2.1.9.RELEASE.jar;D:\newmaven\myrepository\org\springframework\data\spring-data-keyvalue\2.1.9.RELEASE\spring-data-keyvalue-2.1.9.RELEASE.jar;D:\newmaven\myrepository\org\springframework\data\spring-data-commons\2.1.9.RELEASE\spring-data-commons-2.1.9.RELEASE.jar;D:\newmaven\myrepository\org\springframework\spring-tx\5.1.8.RELEASE\spring-tx-5.1.8.RELEASE.jar;D:\newmaven\myrepository\org\springframework\spring-oxm\5.1.8.RELEASE\spring-oxm-5.1.8.RELEASE.jar;D:\newmaven\myrepository\org\springframework\spring-aop\5.1.8.RELEASE\spring-aop-5.1.8.RELEASE.jar;D:\newmaven\myrepository\io\lettuce\lettuce-core\5.1.7.RELEASE\lettuce-core-5.1.7.RELEASE.jar;D:\newmaven\myrepository\io\netty\netty-common\4.1.36.Final\netty-common-4.1.36.Final.jar;D:\newmaven\myrepository\io\netty\netty-handler\4.1.36.Final\netty-handler-4.1.36.Final.jar;D:\newmaven\myrepository\io\netty\netty-buffer\4.1.36.Final\netty-buffer-4.1.36.Final.jar;D:\newmaven\myrepository\io\netty\netty-codec\4.1.36.Final\netty-codec-4.1.36.Final.jar;D:\newmaven\myrepository\io\netty\netty-transport\4.1.36.Final\netty-transport-4.1.36.Final.jar;D:\newmaven\myrepository\io\netty\netty-resolver\4.1.36.Final\netty-resolver-4.1.36.Final.jar;D:\newmaven\myrepository\io\projectreactor\reactor-core\3.2.10.RELEASE\reactor-core-3.2.10.RELEASE.jar;D:\newmaven\myrepository\org\reactivestreams\reactive-streams\1.0.2\reactive-streams-1.0.2.jar;D:\newmaven\myrepository\net\sf\ehcache\ehcache\2.10.6\ehcache-2.10.6.jar;D:\newmaven\myrepository\org\slf4j\slf4j-api\1.7.26\slf4j-api-1.7.26.jar;D:\newmaven\myrepository\com\squareup\okhttp3\okhttp\3.14.1\okhttp-3.14.1.jar;D:\newmaven\myrepository\com\squareup\okio\okio\1.17.2\okio-1.17.2.jar;D:\newmaven\myrepository\com\zhenzikj\zhenzisms\1.0.2\zhenzisms-1.0.2.jar;D:\newmaven\myrepository\com\alibaba\fastjson\1.2.57\fastjson-1.2.57.jar;D:\newmaven\myrepository\net\sf\trove4j\core\3.1.0\core-3.1.0.jar;D:\newmaven\myrepository\org\springframework\boot\spring-boot-starter-jdbc\2.1.6.RELEASE\spring-boot-starter-jdbc-2.1.6.RELEASE.jar;D:\newmaven\myrepository\com\zaxxer\HikariCP\3.2.0\HikariCP-3.2.0.jar;D:\newmaven\myrepository\org\springframework\spring-jdbc\5.1.8.RELEASE\spring-jdbc-5.1.8.RELEASE.jar;D:\newmaven\myrepository\org\mybatis\spring\boot\mybatis-spring-boot-starter\1.3.2\mybatis-spring-boot-starter-1.3.2.jar;D:\newmaven\myrepository\org\mybatis\spring\boot\mybatis-spring-boot-autoconfigure\1.3.2\mybatis-spring-boot-autoconfigure-1.3.2.jar;D:\newmaven\myrepository\org\mybatis\mybatis\3.4.6\mybatis-3.4.6.jar;D:\newmaven\myrepository\org\mybatis\mybatis-spring\1.3.2\mybatis-spring-1.3.2.jar;D:\newmaven\myrepository\mysql\mysql-connector-java\8.0.16\mysql-connector-java-8.0.16.jar;D:\newmaven\myrepository\com\alibaba\druid\1.0.9\druid-1.0.9.jar;D:\java\jdk\jre\..\lib\jconsole.jar;D:\java\jdk\jre\..\lib\tools.jar;D:\newmaven\myrepository\org\springframework\boot\spring-boot-starter-web\2.1.6.RELEASE\spring-boot-starter-web-2.1.6.RELEASE.jar;D:\newmaven\myrepository\org\springframework\boot\spring-boot-starter-json\2.1.6.RELEASE\spring-boot-starter-json-2.1.6.RELEASE.jar;D:\newmaven\myrepository\com\fasterxml\jackson\core\jackson-databind\2.9.9\jackson-databind-2.9.9.jar;D:\newmaven\myrepository\com\fasterxml\jackson\core\jackson-annotations\2.9.0\jackson-annotations-2.9.0.jar;D:\newmaven\myrepository\com\fasterxml\jackson\core\jackson-core\2.9.9\jackson-core-2.9.9.jar;D:\newmaven\myrepository\com\fasterxml\jackson\datatype\jackson-datatype-jdk8\2.9.9\jackson-datatype-jdk8-2.9.9.jar;D:\newmaven\myrepository\com\fasterxml\jackson\datatype\jackson-datatype-jsr310\2.9.9\jackson-datatype-jsr310-2.9.9.jar;D:\newmaven\myrepository\com\fasterxml\jackson\module\jackson-module-parameter-names\2.9.9\jackson-module-parameter-names-2.9.9.jar;D:\newmaven\myrepository\org\springframework\boot\spring-boot-starter-tomcat\2.1.6.RELEASE\spring-boot-starter-tomcat-2.1.6.RELEASE.jar;D:\newmaven\myrepository\org\apache\tomcat\embed\tomcat-embed-core\9.0.21\tomcat-embed-core-9.0.21.jar;D:\newmaven\myrepository\org\apache\tomcat\embed\tomcat-embed-el\9.0.21\tomcat-embed-el-9.0.21.jar;D:\newmaven\myrepository\org\apache\tomcat\embed\tomcat-embed-websocket\9.0.21\tomcat-embed-websocket-9.0.21.jar;D:\newmaven\myrepository\org\hibernate\validator\hibernate-validator\6.0.17.Final\hibernate-validator-6.0.17.Final.jar;D:\newmaven\myrepository\javax\validation\validation-api\2.0.1.Final\validation-api-2.0.1.Final.jar;D:\newmaven\myrepository\org\jboss\logging\jboss-logging\3.3.2.Final\jboss-logging-3.3.2.Final.jar;D:\newmaven\myrepository\com\fasterxml\classmate\1.4.0\classmate-1.4.0.jar;D:\newmaven\myrepository\org\springframework\spring-web\5.1.8.RELEASE\spring-web-5.1.8.RELEASE.jar;D:\newmaven\myrepository\org\springframework\spring-webmvc\5.1.8.RELEASE\spring-webmvc-5.1.8.RELEASE.jar;D:\newmaven\myrepository\org\springframework\spring-expression\5.1.8.RELEASE\spring-expression-5.1.8.RELEASE.jar;D:\newmaven\myrepository\org\springframework\boot\spring-boot-starter-thymeleaf\2.1.6.RELEASE\spring-boot-starter-thymeleaf-2.1.6.RELEASE.jar;D:\newmaven\myrepository\org\thymeleaf\thymeleaf-spring5\3.0.11.RELEASE\thymeleaf-spring5-3.0.11.RELEASE.jar;D:\newmaven\myrepository\org\thymeleaf\thymeleaf\3.0.11.RELEASE\thymeleaf-3.0.11.RELEASE.jar;D:\newmaven\myrepository\org\attoparser\attoparser\2.0.5.RELEASE\attoparser-2.0.5.RELEASE.jar;D:\newmaven\myrepository\org\unbescape\unbescape\1.1.6.RELEASE\unbescape-1.1.6.RELEASE.jar;D:\newmaven\myrepository\org\thymeleaf\extras\thymeleaf-extras-java8time\3.0.4.RELEASE\thymeleaf-extras-java8time-3.0.4.RELEASE.jar;D:\newmaven\myrepository\org\springframework\boot\spring-boot-starter-test\2.1.6.RELEASE\spring-boot-starter-test-2.1.6.RELEASE.jar;D:\newmaven\myrepository\org\springframework\boot\spring-boot-test\2.1.6.RELEASE\spring-boot-test-2.1.6.RELEASE.jar;D:\newmaven\myrepository\org\springframework\boot\spring-boot-test-autoconfigure\2.1.6.RELEASE\spring-boot-test-autoconfigure-2.1.6.RELEASE.jar;D:\newmaven\myrepository\com\jayway\jsonpath\json-path\2.4.0\json-path-2.4.0.jar;D:\newmaven\myrepository\net\minidev\json-smart\2.3\json-smart-2.3.jar;D:\newmaven\myrepository\net\minidev\accessors-smart\1.2\accessors-smart-1.2.jar;D:\newmaven\myrepository\org\ow2\asm\asm\5.0.4\asm-5.0.4.jar;D:\newmaven\myrepository\junit\junit\4.12\junit-4.12.jar;D:\newmaven\myrepository\org\assertj\assertj-core\3.11.1\assertj-core-3.11.1.jar;D:\newmaven\myrepository\org\mockito\mockito-core\2.23.4\mockito-core-2.23.4.jar;D:\newmaven\myrepository\net\bytebuddy\byte-buddy\1.9.13\byte-buddy-1.9.13.jar;D:\newmaven\myrepository\net\bytebuddy\byte-buddy-agent\1.9.13\byte-buddy-agent-1.9.13.jar;D:\newmaven\myrepository\org\objenesis\objenesis\2.6\objenesis-2.6.jar;D:\newmaven\myrepository\org\hamcrest\hamcrest-core\1.3\hamcrest-core-1.3.jar;D:\newmaven\myrepository\org\hamcrest\hamcrest-library\1.3\hamcrest-library-1.3.jar;D:\newmaven\myrepository\org\skyscreamer\jsonassert\1.5.0\jsonassert-1.5.0.jar;D:\newmaven\myrepository\com\vaadin\external\google\android-json\0.0.20131108.vaadin1\android-json-0.0.20131108.vaadin1.jar;D:\newmaven\myrepository\org\springframework\spring-core\5.1.8.RELEASE\spring-core-5.1.8.RELEASE.jar;D:\newmaven\myrepository\org\springframework\spring-jcl\5.1.8.RELEASE\spring-jcl-5.1.8.RELEASE.jar;D:\newmaven\myrepository\org\springframework\spring-test\5.1.8.RELEASE\spring-test-5.1.8.RELEASE.jar;D:\newmaven\myrepository\org\xmlunit\xmlunit-core\2.6.2\xmlunit-core-2.6.2.jar;D:\newmaven\myrepository\org\projectlombok\lombok\1.16.18\lombok-1.16.18.jar;D:\newmaven\myrepository\org\apache\commons\commons-lang3\3.9\commons-lang3-3.9.jar;"/>
    <property name="java.vm.vendor" value="Oracle Corporation"/>
    <property name="sun.arch.data.model" value="64"/>
    <property name="user.variant" value=""/>
    <property name="java.vendor.url" value="http://java.oracle.com/"/>
    <property name="user.timezone" value="GMT+08:00"/>
    <property name="java.vm.specification.version" value="1.8"/>
    <property name="os.name" value="Windows 10"/>
    <property name="user.country" value="CN"/>
    <property name="sun.java.launcher" value="SUN_STANDARD"/>
    <property name="sun.boot.library.path" value="D:\java\jdk\jre\bin"/>
    <property name="sun.java.command" value="C:\Users\珠樱忆~1\AppData\Local\Temp\surefire1373831965187098200\surefirebooter2770310111659219718.jar C:\Users\珠樱忆詺轩\AppData\Local\Temp\surefire1373831965187098200 2019-11-16T00-17-30_363-jvmRun1 surefire2909520969401521869tmp surefire_07493570496052552742tmp"/>
    <property name="surefire.test.class.path" value="D:\idea\security-testOne\target\test-classes;D:\idea\security-testOne\target\classes;D:\newmaven\myrepository\org\springframework\boot\spring-boot-starter-cache\2.1.6.RELEASE\spring-boot-starter-cache-2.1.6.RELEASE.jar;D:\newmaven\myrepository\org\springframework\boot\spring-boot-starter\2.1.6.RELEASE\spring-boot-starter-2.1.6.RELEASE.jar;D:\newmaven\myrepository\org\springframework\boot\spring-boot\2.1.6.RELEASE\spring-boot-2.1.6.RELEASE.jar;D:\newmaven\myrepository\org\springframework\boot\spring-boot-autoconfigure\2.1.6.RELEASE\spring-boot-autoconfigure-2.1.6.RELEASE.jar;D:\newmaven\myrepository\org\springframework\boot\spring-boot-starter-logging\2.1.6.RELEASE\spring-boot-starter-logging-2.1.6.RELEASE.jar;D:\newmaven\myrepository\ch\qos\logback\logback-classic\1.2.3\logback-classic-1.2.3.jar;D:\newmaven\myrepository\ch\qos\logback\logback-core\1.2.3\logback-core-1.2.3.jar;D:\newmaven\myrepository\org\apache\logging\log4j\log4j-to-slf4j\2.11.2\log4j-to-slf4j-2.11.2.jar;D:\newmaven\myrepository\org\apache\logging\log4j\log4j-api\2.11.2\log4j-api-2.11.2.jar;D:\newmaven\myrepository\org\slf4j\jul-to-slf4j\1.7.26\jul-to-slf4j-1.7.26.jar;D:\newmaven\myrepository\javax\annotation\javax.annotation-api\1.3.2\javax.annotation-api-1.3.2.jar;D:\newmaven\myrepository\org\yaml\snakeyaml\1.23\snakeyaml-1.23.jar;D:\newmaven\myrepository\org\springframework\spring-context-support\5.1.8.RELEASE\spring-context-support-5.1.8.RELEASE.jar;D:\newmaven\myrepository\org\springframework\spring-beans\5.1.8.RELEASE\spring-beans-5.1.8.RELEASE.jar;D:\newmaven\myrepository\org\springframework\spring-context\5.1.8.RELEASE\spring-context-5.1.8.RELEASE.jar;D:\newmaven\myrepository\org\springframework\boot\spring-boot-starter-data-redis\2.1.6.RELEASE\spring-boot-starter-data-redis-2.1.6.RELEASE.jar;D:\newmaven\myrepository\org\springframework\data\spring-data-redis\2.1.9.RELEASE\spring-data-redis-2.1.9.RELEASE.jar;D:\newmaven\myrepository\org\springframework\data\spring-data-keyvalue\2.1.9.RELEASE\spring-data-keyvalue-2.1.9.RELEASE.jar;D:\newmaven\myrepository\org\springframework\data\spring-data-commons\2.1.9.RELEASE\spring-data-commons-2.1.9.RELEASE.jar;D:\newmaven\myrepository\org\springframework\spring-tx\5.1.8.RELEASE\spring-tx-5.1.8.RELEASE.jar;D:\newmaven\myrepository\org\springframework\spring-oxm\5.1.8.RELEASE\spring-oxm-5.1.8.RELEASE.jar;D:\newmaven\myrepository\org\springframework\spring-aop\5.1.8.RELEASE\spring-aop-5.1.8.RELEASE.jar;D:\newmaven\myrepository\io\lettuce\lettuce-core\5.1.7.RELEASE\lettuce-core-5.1.7.RELEASE.jar;D:\newmaven\myrepository\io\netty\netty-common\4.1.36.Final\netty-common-4.1.36.Final.jar;D:\newmaven\myrepository\io\netty\netty-handler\4.1.36.Final\netty-handler-4.1.36.Final.jar;D:\newmaven\myrepository\io\netty\netty-buffer\4.1.36.Final\netty-buffer-4.1.36.Final.jar;D:\newmaven\myrepository\io\netty\netty-codec\4.1.36.Final\netty-codec-4.1.36.Final.jar;D:\newmaven\myrepository\io\netty\netty-transport\4.1.36.Final\netty-transport-4.1.36.Final.jar;D:\newmaven\myrepository\io\netty\netty-resolver\4.1.36.Final\netty-resolver-4.1.36.Final.jar;D:\newmaven\myrepository\io\projectreactor\reactor-core\3.2.10.RELEASE\reactor-core-3.2.10.RELEASE.jar;D:\newmaven\myrepository\org\reactivestreams\reactive-streams\1.0.2\reactive-streams-1.0.2.jar;D:\newmaven\myrepository\net\sf\ehcache\ehcache\2.10.6\ehcache-2.10.6.jar;D:\newmaven\myrepository\org\slf4j\slf4j-api\1.7.26\slf4j-api-1.7.26.jar;D:\newmaven\myrepository\com\squareup\okhttp3\okhttp\3.14.1\okhttp-3.14.1.jar;D:\newmaven\myrepository\com\squareup\okio\okio\1.17.2\okio-1.17.2.jar;D:\newmaven\myrepository\com\zhenzikj\zhenzisms\1.0.2\zhenzisms-1.0.2.jar;D:\newmaven\myrepository\com\alibaba\fastjson\1.2.57\fastjson-1.2.57.jar;D:\newmaven\myrepository\net\sf\trove4j\core\3.1.0\core-3.1.0.jar;D:\newmaven\myrepository\org\springframework\boot\spring-boot-starter-jdbc\2.1.6.RELEASE\spring-boot-starter-jdbc-2.1.6.RELEASE.jar;D:\newmaven\myrepository\com\zaxxer\HikariCP\3.2.0\HikariCP-3.2.0.jar;D:\newmaven\myrepository\org\springframework\spring-jdbc\5.1.8.RELEASE\spring-jdbc-5.1.8.RELEASE.jar;D:\newmaven\myrepository\org\mybatis\spring\boot\mybatis-spring-boot-starter\1.3.2\mybatis-spring-boot-starter-1.3.2.jar;D:\newmaven\myrepository\org\mybatis\spring\boot\mybatis-spring-boot-autoconfigure\1.3.2\mybatis-spring-boot-autoconfigure-1.3.2.jar;D:\newmaven\myrepository\org\mybatis\mybatis\3.4.6\mybatis-3.4.6.jar;D:\newmaven\myrepository\org\mybatis\mybatis-spring\1.3.2\mybatis-spring-1.3.2.jar;D:\newmaven\myrepository\mysql\mysql-connector-java\8.0.16\mysql-connector-java-8.0.16.jar;D:\newmaven\myrepository\com\alibaba\druid\1.0.9\druid-1.0.9.jar;D:\java\jdk\jre\..\lib\jconsole.jar;D:\java\jdk\jre\..\lib\tools.jar;D:\newmaven\myrepository\org\springframework\boot\spring-boot-starter-web\2.1.6.RELEASE\spring-boot-starter-web-2.1.6.RELEASE.jar;D:\newmaven\myrepository\org\springframework\boot\spring-boot-starter-json\2.1.6.RELEASE\spring-boot-starter-json-2.1.6.RELEASE.jar;D:\newmaven\myrepository\com\fasterxml\jackson\core\jackson-databind\2.9.9\jackson-databind-2.9.9.jar;D:\newmaven\myrepository\com\fasterxml\jackson\core\jackson-annotations\2.9.0\jackson-annotations-2.9.0.jar;D:\newmaven\myrepository\com\fasterxml\jackson\core\jackson-core\2.9.9\jackson-core-2.9.9.jar;D:\newmaven\myrepository\com\fasterxml\jackson\datatype\jackson-datatype-jdk8\2.9.9\jackson-datatype-jdk8-2.9.9.jar;D:\newmaven\myrepository\com\fasterxml\jackson\datatype\jackson-datatype-jsr310\2.9.9\jackson-datatype-jsr310-2.9.9.jar;D:\newmaven\myrepository\com\fasterxml\jackson\module\jackson-module-parameter-names\2.9.9\jackson-module-parameter-names-2.9.9.jar;D:\newmaven\myrepository\org\springframework\boot\spring-boot-starter-tomcat\2.1.6.RELEASE\spring-boot-starter-tomcat-2.1.6.RELEASE.jar;D:\newmaven\myrepository\org\apache\tomcat\embed\tomcat-embed-core\9.0.21\tomcat-embed-core-9.0.21.jar;D:\newmaven\myrepository\org\apache\tomcat\embed\tomcat-embed-el\9.0.21\tomcat-embed-el-9.0.21.jar;D:\newmaven\myrepository\org\apache\tomcat\embed\tomcat-embed-websocket\9.0.21\tomcat-embed-websocket-9.0.21.jar;D:\newmaven\myrepository\org\hibernate\validator\hibernate-validator\6.0.17.Final\hibernate-validator-6.0.17.Final.jar;D:\newmaven\myrepository\javax\validation\validation-api\2.0.1.Final\validation-api-2.0.1.Final.jar;D:\newmaven\myrepository\org\jboss\logging\jboss-logging\3.3.2.Final\jboss-logging-3.3.2.Final.jar;D:\newmaven\myrepository\com\fasterxml\classmate\1.4.0\classmate-1.4.0.jar;D:\newmaven\myrepository\org\springframework\spring-web\5.1.8.RELEASE\spring-web-5.1.8.RELEASE.jar;D:\newmaven\myrepository\org\springframework\spring-webmvc\5.1.8.RELEASE\spring-webmvc-5.1.8.RELEASE.jar;D:\newmaven\myrepository\org\springframework\spring-expression\5.1.8.RELEASE\spring-expression-5.1.8.RELEASE.jar;D:\newmaven\myrepository\org\springframework\boot\spring-boot-starter-thymeleaf\2.1.6.RELEASE\spring-boot-starter-thymeleaf-2.1.6.RELEASE.jar;D:\newmaven\myrepository\org\thymeleaf\thymeleaf-spring5\3.0.11.RELEASE\thymeleaf-spring5-3.0.11.RELEASE.jar;D:\newmaven\myrepository\org\thymeleaf\thymeleaf\3.0.11.RELEASE\thymeleaf-3.0.11.RELEASE.jar;D:\newmaven\myrepository\org\attoparser\attoparser\2.0.5.RELEASE\attoparser-2.0.5.RELEASE.jar;D:\newmaven\myrepository\org\unbescape\unbescape\1.1.6.RELEASE\unbescape-1.1.6.RELEASE.jar;D:\newmaven\myrepository\org\thymeleaf\extras\thymeleaf-extras-java8time\3.0.4.RELEASE\thymeleaf-extras-java8time-3.0.4.RELEASE.jar;D:\newmaven\myrepository\org\springframework\boot\spring-boot-starter-test\2.1.6.RELEASE\spring-boot-starter-test-2.1.6.RELEASE.jar;D:\newmaven\myrepository\org\springframework\boot\spring-boot-test\2.1.6.RELEASE\spring-boot-test-2.1.6.RELEASE.jar;D:\newmaven\myrepository\org\springframework\boot\spring-boot-test-autoconfigure\2.1.6.RELEASE\spring-boot-test-autoconfigure-2.1.6.RELEASE.jar;D:\newmaven\myrepository\com\jayway\jsonpath\json-path\2.4.0\json-path-2.4.0.jar;D:\newmaven\myrepository\net\minidev\json-smart\2.3\json-smart-2.3.jar;D:\newmaven\myrepository\net\minidev\accessors-smart\1.2\accessors-smart-1.2.jar;D:\newmaven\myrepository\org\ow2\asm\asm\5.0.4\asm-5.0.4.jar;D:\newmaven\myrepository\junit\junit\4.12\junit-4.12.jar;D:\newmaven\myrepository\org\assertj\assertj-core\3.11.1\assertj-core-3.11.1.jar;D:\newmaven\myrepository\org\mockito\mockito-core\2.23.4\mockito-core-2.23.4.jar;D:\newmaven\myrepository\net\bytebuddy\byte-buddy\1.9.13\byte-buddy-1.9.13.jar;D:\newmaven\myrepository\net\bytebuddy\byte-buddy-agent\1.9.13\byte-buddy-agent-1.9.13.jar;D:\newmaven\myrepository\org\objenesis\objenesis\2.6\objenesis-2.6.jar;D:\newmaven\myrepository\org\hamcrest\hamcrest-core\1.3\hamcrest-core-1.3.jar;D:\newmaven\myrepository\org\hamcrest\hamcrest-library\1.3\hamcrest-library-1.3.jar;D:\newmaven\myrepository\org\skyscreamer\jsonassert\1.5.0\jsonassert-1.5.0.jar;D:\newmaven\myrepository\com\vaadin\external\google\android-json\0.0.20131108.vaadin1\android-json-0.0.20131108.vaadin1.jar;D:\newmaven\myrepository\org\springframework\spring-core\5.1.8.RELEASE\spring-core-5.1.8.RELEASE.jar;D:\newmaven\myrepository\org\springframework\spring-jcl\5.1.8.RELEASE\spring-jcl-5.1.8.RELEASE.jar;D:\newmaven\myrepository\org\springframework\spring-test\5.1.8.RELEASE\spring-test-5.1.8.RELEASE.jar;D:\newmaven\myrepository\org\xmlunit\xmlunit-core\2.6.2\xmlunit-core-2.6.2.jar;D:\newmaven\myrepository\org\projectlombok\lombok\1.16.18\lombok-1.16.18.jar;D:\newmaven\myrepository\org\apache\commons\commons-lang3\3.9\commons-lang3-3.9.jar;"/>
    <property name="sun.cpu.endian" value="little"/>
    <property name="user.home" value="C:\Users\珠樱忆詺轩"/>
    <property name="user.language" value="zh"/>
    <property name="java.specification.vendor" value="Oracle Corporation"/>
    <property name="java.home" value="D:\java\jdk\jre"/>
    <property name="basedir" value="D:\idea\security-testOne"/>
    <property name="file.separator" value="\"/>
    <property name="line.separator" value="&#10;"/>
    <property name="java.vm.specification.vendor" value="Oracle Corporation"/>
    <property name="java.specification.name" value="Java Platform API Specification"/>
    <property name="java.awt.graphicsenv" value="sun.awt.Win32GraphicsEnvironment"/>
    <property name="surefire.real.class.path" value="C:\Users\珠樱忆~1\AppData\Local\Temp\surefire1373831965187098200\surefirebooter2770310111659219718.jar"/>
    <property name="sun.boot.class.path" value="D:\java\jdk\jre\lib\resources.jar;D:\java\jdk\jre\lib\rt.jar;D:\java\jdk\jre\lib\sunrsasign.jar;D:\java\jdk\jre\lib\jsse.jar;D:\java\jdk\jre\lib\jce.jar;D:\java\jdk\jre\lib\charsets.jar;D:\java\jdk\jre\lib\jfr.jar;D:\java\jdk\jre\classes"/>
    <property name="user.script" value=""/>
    <property name="sun.management.compiler" value="HotSpot 64-Bit Tiered Compilers"/>
    <property name="java.runtime.version" value="1.8.0_131-b11"/>
    <property name="user.name" value="珠樱忆詺轩"/>
    <property name="path.separator" value=";"/>
    <property name="os.version" value="10.0"/>
    <property name="java.endorsed.dirs" value="D:\java\jdk\jre\lib\endorsed"/>
    <property name="java.runtime.name" value="Java(TM) SE Runtime Environment"/>
    <property name="file.encoding" value="GBK"/>
    <property name="java.vm.name" value="Java HotSpot(TM) 64-Bit Server VM"/>
    <property name="localRepository" value="D:\newmaven\myrepository"/>
    <property name="java.vendor.url.bug" value="http://bugreport.sun.com/bugreport/"/>
    <property name="java.io.tmpdir" value="C:\Users\珠樱忆~1\AppData\Local\Temp\"/>
    <property name="java.version" value="1.8.0_131"/>
    <property name="user.dir" value="D:\idea\security-testOne"/>
    <property name="os.arch" value="amd64"/>
    <property name="java.vm.specification.name" value="Java Virtual Machine Specification"/>
    <property name="java.awt.printerjob" value="sun.awt.windows.WPrinterJob"/>
    <property name="sun.os.patch.level" value=""/>
    <property name="java.library.path" value="D:\java\jdk\jre\bin;C:\Windows\Sun\Java\bin;C:\Windows\system32;C:\Windows;C:\ProgramData\Oracle\Java\javapath;C:\Program Files (x86)\Intel\iCLS Client\;C:\Program Files\Intel\iCLS Client\;C:\windows\system32;C:\windows;C:\windows\System32\Wbem;C:\windows\System32\WindowsPowerShell\v1.0\;C:\Program Files (x86)\Intel\Intel(R) Management Engine Components\DAL;C:\Program Files\Intel\Intel(R) Management Engine Components\DAL;C:\Program Files (x86)\Intel\Intel(R) Management Engine Components\IPT;C:\Program Files\Intel\Intel(R) Management Engine Components\IPT;C:\Program Files (x86)\NVIDIA Corporation\PhysX\Common;c:\Program Files\Intel\WiFi\bin\;c:\Program Files\Common Files\Intel\WirelessCommon\;C:\Windows\system32;C:\Windows;C:\Windows\System32\Wbem;C:\Windows\System32\WindowsPowerShell\v1.0\;C:\Windows\System32\OpenSSH\;D:\mysql\bin;F:\bin;F:\tomcat\apache-tomcat-7.0.93;D:\java\jdk\bin;C:\Program Files\NVIDIA Corporation\NVIDIA NvDLISR;D:\0;.互联网架构阶段\06. 互联网架构阶段【北京尚学堂·百战程序员】\2. Maven技术\文档代码\01 资料\03 maven软件\apache-maven-3.3.3-bin\apache-maven-3.3.3\bin;%ERLANG_HOME%\bin;D:\rabbitmq\rabbit;q_server-3.7.5\sbin;E:\新建文件夹\1\Git\cmd;D:\06.互联网架构阶段\06. 互联网架构阶段【北京尚学堂·百战程序员】\2. Maven技术\文档代码\01 资料\03 maven软件\apache-maven-3.3.3-bin\apache-maven-3.3.3\bin;D:\idea\Android SDK\tools;D:\idea\Android SDK\platform-tools;D:\idea\gradle-3.3\bin;D:\idea\gradle-5.0\bin;D:\idea\gradle-5.1\bin;C:\Users\珠樱忆詺轩\AppData\Local\Microsoft\WindowsApps;;D:\idea\IntelliJ IDEA Community Edition 2019.1.3\bin;;."/>
    <property name="java.vm.info" value="mixed mode"/>
    <property name="java.vendor" value="Oracle Corporation"/>
    <property name="java.vm.version" value="25.131-b11"/>
    <property name="java.ext.dirs" value="D:\java\jdk\jre\lib\ext;C:\Windows\Sun\Java\lib\ext"/>
    <property name="sun.io.unicode.encoding" value="UnicodeLittle"/>
    <property name="java.class.version" value="52.0"/>
  </properties>
  <testcase name="contextLoads" classname="com.DemoApplicationTests" time="0.405"/>
</testsuite>